0 verbose cli C:\Program Files\nodejs\node.exe C:\Program Files\nodejs\node_modules\npm\bin\npm-cli.js
1 info using npm@11.6.2
2 info using node@v24.13.0
3 silly config load:file:C:\Program Files\nodejs\node_modules\npm\npmrc
4 silly config load:file:C:\Users\michelle\Documents\PICC\picc-frontend\.npmrc
5 silly config load:file:C:\Users\michelle\.npmrc
6 silly config load:file:C:\Users\michelle\AppData\Roaming\npm\etc\npmrc
7 verbose title npm install tw-animate-css@^1.4.0
8 verbose argv "install" "--save-dev" "tw-animate-css@^1.4.0" "--cache" ".npm-cache" "--no-audit" "--no-fund" "--progress" "false"
9 verbose logfile logs-max:10 dir:C:\Users\michelle\Documents\PICC\picc-frontend\.npm-cache\_logs\2026-04-21T20_03_12_701Z-
10 verbose logfile C:\Users\michelle\Documents\PICC\picc-frontend\.npm-cache\_logs\2026-04-21T20_03_12_701Z-debug-0.log
11 silly logfile done cleaning log files
12 silly packumentCache heap:2348810240 maxSize:587202560 maxEntrySize:293601280
13 silly idealTree buildDeps
14 silly fetch manifest tw-animate-css@^1.4.0
15 silly packumentCache full:https://registry.npmjs.org/tw-animate-css cache-miss
16 http fetch GET 200 https://registry.npmjs.org/tw-animate-css 1366ms (cache miss)
17 silly packumentCache full:https://registry.npmjs.org/tw-animate-css set size:undefined disposed:false
18 silly placeDep ROOT tw-animate-css@1.4.0 REPLACE for: picc-frontend@0.1.0 want: ^1.4.0
19 silly reify moves {}
20 verbose cwd C:\Users\michelle\Documents\PICC\picc-frontend
21 verbose os Windows_NT 10.0.19045
22 verbose node v24.13.0
23 verbose npm  v11.6.2
24 verbose exit 0
25 info ok
